0 info it worked if it ends with ok
1 verbose cli [ 'C:\\Program Files\\nodejs\\\\node.exe',
1 verbose cli   'C:\\Program Files\\nodejs\\node_modules\\npm\\bin\\npm-cli.js',
1 verbose cli   'publish',
1 verbose cli   'package.json' ]
2 info using npm@2.11.2
3 info using node@v0.12.5
4 verbose publish [ 'package.json' ]
5 silly cache add args [ 'package.json', null ]
6 verbose cache add spec package.json
7 silly cache add parsed spec { raw: 'package.json',
7 silly cache add   scope: null,
7 silly cache add   name: null,
7 silly cache add   rawSpec: 'package.json',
7 silly cache add   spec: 'C:\\Users\\Arturo\\mis_proyectos\\quiz\\package.json',
7 silly cache add   type: 'local' }
8 silly addLocalTarball shasum (computed) c323ea054db5f65f31563e48a4b5ad95becfe8c1
9 verbose addTmpTarball C:\Users\Arturo\mis_proyectos\quiz\package.json not in flight; adding
10 verbose addTmpTarball validating metadata from C:\Users\Arturo\mis_proyectos\quiz\package.json
11 verbose tar unpack C:\Users\Arturo\mis_proyectos\quiz\package.json
12 verbose tar unpacking to C:\Users\Arturo\AppData\Local\Temp\npm-4132-a27485b7\unpack-0ed15c1f379c
13 silly gentlyRm C:\Users\Arturo\AppData\Local\Temp\npm-4132-a27485b7\unpack-0ed15c1f379c is being purged
14 verbose gentlyRm don't care about contents; nuking C:\Users\Arturo\AppData\Local\Temp\npm-4132-a27485b7\unpack-0ed15c1f379c
15 silly gunzTarPerm modes [ '777', '666' ]
16 error not a package C:\Users\Arturo\mis_proyectos\quiz\package.json
17 error addLocal Could not install C:\Users\Arturo\mis_proyectos\quiz\package.json
18 verbose stack Error: ENOENT, open 'C:\Users\Arturo\AppData\Local\Temp\npm-4132-a27485b7\unpack-0ed15c1f379c\package.json'
18 verbose stack     at Error (native)
19 verbose cwd C:\Users\Arturo\mis_proyectos\quiz
20 error Windows_NT 6.2.9200
21 error argv "C:\\Program Files\\nodejs\\\\node.exe" "C:\\Program Files\\nodejs\\node_modules\\npm\\bin\\npm-cli.js" "publish" "package.json"
22 error node v0.12.5
23 error npm  v2.11.2
24 error path C:\Users\Arturo\AppData\Local\Temp\npm-4132-a27485b7\unpack-0ed15c1f379c\package.json
25 error code ENOENT
26 error errno -4058
27 error enoent ENOENT, open 'C:\Users\Arturo\AppData\Local\Temp\npm-4132-a27485b7\unpack-0ed15c1f379c\package.json'
27 error enoent This is most likely not a problem with npm itself
27 error enoent and is related to npm not being able to find a file.
28 verbose exit [ -4058, true ]
